<?xml version="1.0" encoding="UTF-8"?>
<testsuite name="LineTest" tests="4" skipped="0" failures="0" errors="0" timestamp="2022-05-31T23:47:16" hostname="Adams-MacBook-Pro.local" time="0.002">
  <properties/>
  <testcase name="getArea()" classname="LineTest" time="0.0"/>
  <testcase name="move()" classname="LineTest" time="0.0"/>
  <testcase name="getLength()" classname="LineTest" time="0.001"/>
  <testcase name="getSlope()" classname="LineTest" time="0.0"/>
  <system-out><![CDATA[]]></system-out>
  <system-err><![CDATA[]]></system-err>
</testsuite>
