<?xml version="1.0" encoding="UTF-8"?>
<testsuite name="NPointStarTest" tests="3" skipped="0" failures="0" errors="0" timestamp="2022-06-06T00:53:01" hostname="Adams-MacBook-Pro.local" time="0.001">
  <properties/>
  <testcase name="getArea()" classname="NPointStarTest" time="0.001"/>
  <testcase name="getName()" classname="NPointStarTest" time="0.0"/>
  <testcase name="move()" classname="NPointStarTest" time="0.0"/>
  <system-out><![CDATA[]]></system-out>
  <system-err><![CDATA[]]></system-err>
</testsuite>
